2023-05-07 11:05:54 INFO  [main] i.github.bonigarcia.wdm.WebDriverManager.resolveDriverVersion(WebDriverManager.java:1238) -- Using chromedriver 113.0.5672.63 (resolved driver for Chrome 113)
2023-05-07 11:05:54 INFO  [main] i.github.bonigarcia.wdm.WebDriverManager.exportDriver(WebDriverManager.java:1291) -- Exporting webdriver.chrome.driver as /Users/gaigai/.cache/selenium/chromedriver/mac64/113.0.5672.63/chromedriver
2023-05-07 11:05:57 INFO  [main] top.testeru.base.BasePage.cookieFileisDelete(BasePage.java:89) -- expiryList:[1714913686000, 1685969698000]
2023-05-07 11:05:57 INFO  [main] top.testeru.base.BasePage.cookieFileisDelete(BasePage.java:97) -- 文件删除成功
2023-05-07 11:06:08 INFO  [main] top.testeru.base.BaseProPage.clickAddMember(ConcatProPage.java:32) -- 进入了通讯录页面，在通讯录页面进行点击添加成员操作，页面跳转
2023-05-07 13:02:48 INFO  [main] i.github.bonigarcia.wdm.WebDriverManager.resolveDriverVersion(WebDriverManager.java:1238) -- Using chromedriver 113.0.5672.63 (resolved driver for Chrome 113)
2023-05-07 13:02:49 INFO  [main] i.github.bonigarcia.wdm.WebDriverManager.exportDriver(WebDriverManager.java:1291) -- Exporting webdriver.chrome.driver as /Users/gaigai/.cache/selenium/chromedriver/mac64/113.0.5672.63/chromedriver
2023-05-07 13:02:51 INFO  [main] top.testeru.base.BasePage.cookieFileisDelete(BasePage.java:89) -- expiryList:[1714964757000, 1686020764000]
2023-05-07 13:02:57 INFO  [main] top.testeru.base.BaseProPage.clickAddMember(ConcatProPage.java:32) -- 进入了通讯录页面，在通讯录页面进行点击添加成员操作，页面跳转
2023-05-07 13:03:02 INFO  [main] top.testeru.base.BaseProPage.getMemberListText(ConcatProPage.java:67) -- 成员页面：[, 盖盖, , TesterU, 18612725214, gegai@testeru.wecom.work, , , 测试人002, , TesterU, 13912765433, 202210301gaigai002@testeru.wecom.work, , , 郦明, , TesterU, 14734572430, 82371293290@testeru.wecom.work, , , 崔颐, , TesterU, 18771640041, 3282921648@testeru.wecom.work, ]
2023-05-07 13:04:03 INFO  [main] i.github.bonigarcia.wdm.WebDriverManager.resolveDriverVersion(WebDriverManager.java:1238) -- Using chromedriver 113.0.5672.63 (resolved driver for Chrome 113)
2023-05-07 13:04:03 INFO  [main] i.github.bonigarcia.wdm.WebDriverManager.exportDriver(WebDriverManager.java:1291) -- Exporting webdriver.chrome.driver as /Users/gaigai/.cache/selenium/chromedriver/mac64/113.0.5672.63/chromedriver
2023-05-07 13:04:06 INFO  [main] top.testeru.base.BaseProPage.cookieFileisDelete(BaseProPage.java:94) -- expiryList:[1714964757000, 1686020764000]
2023-05-07 13:04:12 INFO  [main] top.testeru.base.BaseProPage.clickAddMember(ConcatProPage.java:32) -- 进入了通讯录页面，在通讯录页面进行点击添加成员操作，页面跳转
2023-05-07 13:04:18 INFO  [main] top.testeru.base.BaseProPage.getMemberListText(ConcatProPage.java:67) -- 成员页面：[, 盖盖, , TesterU, 18612725214, gegai@testeru.wecom.work, , , 测试人002, , TesterU, 13912765433, 202210301gaigai002@testeru.wecom.work, , , 郦明, , TesterU, 14734572430, 82371293290@testeru.wecom.work, , , 崔颐, , TesterU, 18771640041, 3282921648@testeru.wecom.work, , , 曹众城, , TesterU, 13311379031, 70810982066@testeru.wecom.work, ]
2023-05-07 13:05:03 INFO  [main] i.github.bonigarcia.wdm.WebDriverManager.resolveDriverVersion(WebDriverManager.java:1238) -- Using chromedriver 113.0.5672.63 (resolved driver for Chrome 113)
2023-05-07 13:05:03 INFO  [main] i.github.bonigarcia.wdm.WebDriverManager.exportDriver(WebDriverManager.java:1291) -- Exporting webdriver.chrome.driver as /Users/gaigai/.cache/selenium/chromedriver/mac64/113.0.5672.63/chromedriver
2023-05-07 13:05:06 INFO  [main] top.testeru.base.BaseProPage.cookieFileisDelete(BaseProPage.java:94) -- expiryList:[1714964757000, 1686020764000]
2023-05-07 13:05:12 INFO  [main] top.testeru.base.BaseProPage.clickAddMember(ConcatProPage.java:32) -- 进入了通讯录页面，在通讯录页面进行点击添加成员操作，页面跳转
2023-05-07 13:05:48 INFO  [main] i.github.bonigarcia.wdm.WebDriverManager.resolveDriverVersion(WebDriverManager.java:1238) -- Using chromedriver 113.0.5672.63 (resolved driver for Chrome 113)
2023-05-07 13:05:48 INFO  [main] i.github.bonigarcia.wdm.WebDriverManager.exportDriver(WebDriverManager.java:1291) -- Exporting webdriver.chrome.driver as /Users/gaigai/.cache/selenium/chromedriver/mac64/113.0.5672.63/chromedriver
2023-05-07 13:05:51 INFO  [main] top.testeru.base.BaseProPage.cookieFileisDelete(BaseProPage.java:94) -- expiryList:[1714964757000, 1686020764000]
2023-05-07 13:05:56 INFO  [main] top.testeru.base.BaseProPage.clickAddMember(ConcatProPage.java:32) -- 进入了通讯录页面，在通讯录页面进行点击添加成员操作，页面跳转
2023-05-07 13:06:52 INFO  [main] i.github.bonigarcia.wdm.WebDriverManager.resolveDriverVersion(WebDriverManager.java:1238) -- Using chromedriver 113.0.5672.63 (resolved driver for Chrome 113)
2023-05-07 13:06:52 INFO  [main] i.github.bonigarcia.wdm.WebDriverManager.exportDriver(WebDriverManager.java:1291) -- Exporting webdriver.chrome.driver as /Users/gaigai/.cache/selenium/chromedriver/mac64/113.0.5672.63/chromedriver
2023-05-07 13:06:55 INFO  [main] top.testeru.base.BaseProPage.cookieFileisDelete(BaseProPage.java:94) -- expiryList:[1714964757000, 1686020764000]
2023-05-07 13:06:55 INFO  [main] top.testeru.base.BaseProPage.cookieFileisDelete(BaseProPage.java:102) -- 文件删除成功
2023-05-07 13:07:25 INFO  [main] i.github.bonigarcia.wdm.WebDriverManager.resolveDriverVersion(WebDriverManager.java:1238) -- Using chromedriver 113.0.5672.63 (resolved driver for Chrome 113)
2023-05-07 13:07:25 INFO  [main] i.github.bonigarcia.wdm.WebDriverManager.exportDriver(WebDriverManager.java:1291) -- Exporting webdriver.chrome.driver as /Users/gaigai/.cache/selenium/chromedriver/mac64/113.0.5672.63/chromedriver
2023-05-07 13:07:41 INFO  [main] top.testeru.base.BaseProPage.clickAddMember(ConcatProPage.java:32) -- 进入了通讯录页面，在通讯录页面进行点击添加成员操作，页面跳转
2023-05-07 13:09:03 INFO  [main] i.github.bonigarcia.wdm.WebDriverManager.resolveDriverVersion(WebDriverManager.java:1238) -- Using chromedriver 113.0.5672.63 (resolved driver for Chrome 113)
2023-05-07 13:09:03 INFO  [main] i.github.bonigarcia.wdm.WebDriverManager.exportDriver(WebDriverManager.java:1291) -- Exporting webdriver.chrome.driver as /Users/gaigai/.cache/selenium/chromedriver/mac64/113.0.5672.63/chromedriver
2023-05-07 13:09:06 INFO  [main] top.testeru.base.BaseProPage.cookieFileisDelete(BaseProPage.java:94) -- expiryList:[1714972048000, 1686028056000]
2023-05-07 13:09:11 INFO  [main] top.testeru.base.BaseProPage.clickAddMember(ConcatProPage.java:32) -- 进入了通讯录页面，在通讯录页面进行点击添加成员操作，页面跳转
2023-05-07 13:09:17 INFO  [main] top.testeru.base.BaseProPage.getMemberListText(ConcatProPage.java:67) -- 成员页面：[, 盖盖, , TesterU, 18612725214, gegai@testeru.wecom.work, , , 测试人002, , TesterU, 13912765433, 202210301gaigai002@testeru.wecom.work, , , 郦明, , TesterU, 14734572430, 82371293290@testeru.wecom.work, , , 崔颐, , TesterU, 18771640041, 3282921648@testeru.wecom.work, , , 曹众城, , TesterU, 13311379031, 70810982066@testeru.wecom.work, , , 翦航, , TesterU, 16542524273, 36269786100@testeru.wecom.work, ]
2023-05-07 13:46:32 INFO  [main] i.github.bonigarcia.wdm.WebDriverManager.resolveDriverVersion(WebDriverManager.java:1238) -- Using chromedriver 113.0.5672.63 (resolved driver for Chrome 113)
2023-05-07 13:46:32 INFO  [main] i.github.bonigarcia.wdm.WebDriverManager.exportDriver(WebDriverManager.java:1291) -- Exporting webdriver.chrome.driver as /Users/gaigai/.cache/selenium/chromedriver/mac64/113.0.5672.63/chromedriver
2023-05-07 13:46:35 INFO  [main] top.testeru.base.BasePage.cookieFileisDelete(BasePage.java:89) -- expiryList:[1714972048000, 1686028056000]
2023-05-07 13:46:41 INFO  [main] top.testeru.base.BasePage.clickAddMember(ConcatPage.java:30) -- 进入了通讯录页面，在通讯录页面进行点击添加成员操作，页面跳转
2023-05-07 13:46:47 INFO  [main] top.testeru.base.BasePage.getMemberListText(ConcatPage.java:66) -- 成员页面：[, 盖盖, , TesterU, 18612725214, gegai@testeru.wecom.work, , , 测试人002, , TesterU, 13912765433, 202210301gaigai002@testeru.wecom.work, , , 郦明, , TesterU, 14734572430, 82371293290@testeru.wecom.work, , , 崔颐, , TesterU, 18771640041, 3282921648@testeru.wecom.work, , , 曹众城, , TesterU, 13311379031, 70810982066@testeru.wecom.work, , , 翦航, , TesterU, 16542524273, 36269786100@testeru.wecom.work, , , 鲜于珍, , TesterU, 18781462537, 70009910720@testeru.wecom.work, ]
