2023-05-13 18:51:14 INFO  [main] top.page.top.testeru.AppBasePage.deletedir(AppBasePage.java:170) --  png 文件夹不存在
2023-05-13 18:51:14 INFO  [main] top.page.top.testeru.AppBasePage.mkdir(AppBasePage.java:181) -- 创建 png 文件夹
2023-05-13 18:51:14 INFO  [main] top.page.top.testeru.AppBasePage.killPort(AppBasePage.java:69) -- 端口 4723 的进程已被终止
2023-05-13 18:51:25 INFO  [main] top.page.top.testeru.AppBasePage.find(AppBasePage.java:194) -- 元素定位：By.xpath: //*[@text="通讯录"]
2023-05-13 18:51:25 INFO  [main] top.page.top.testeru.AppBasePage.ElementScreenBase(AppBasePage.java:284) -- location=$(864, 2225) size=$(216, 51) x=$864 y=$2225 width=$216 height=$51
2023-05-13 18:51:28 INFO  [main] top.page.top.testeru.AppBasePage.find(AppBasePage.java:194) -- 元素定位：AppiumBy.androidUIAutomator: new UiScrollable(new UiSelector().scrollable(true)).scrollIntoView(new UiSelector().text("添加成员"))
2023-05-13 18:51:28 INFO  [main] top.page.top.testeru.AppBasePage.ElementScreenBase(AppBasePage.java:284) -- location=$(176, 1414) size=$(860, 59) x=$176 y=$1414 width=$860 height=$59
2023-05-13 18:51:28 INFO  [main] top.page.top.testeru.AppBasePage.find(AppBasePage.java:194) -- 元素定位：By.cssSelector: [text="添加成员"]
2023-05-13 18:51:29 INFO  [main] top.page.top.testeru.AppBasePage.ElementScreenBase(AppBasePage.java:284) -- location=$(176, 1414) size=$(860, 59) x=$176 y=$1414 width=$860 height=$59
2023-05-13 18:51:30 INFO  [main] top.top.testeru.member.AddMemberTest.editAdd(AddMemberTest.java:43) -- 添加成员：沈博涛
2023-05-13 18:51:30 INFO  [main] top.page.top.testeru.AppBasePage.find(AppBasePage.java:194) -- 元素定位：AppiumBy.androidUIAutomator: new UiSelector().text("手动输入添加")
2023-05-13 18:51:31 INFO  [main] top.page.top.testeru.AppBasePage.ElementScreenBase(AppBasePage.java:284) -- location=$(204, 1132) size=$(264, 59) x=$204 y=$1132 width=$264 height=$59
2023-05-13 18:51:32 INFO  [main] top.page.top.testeru.AppBasePage.find(AppBasePage.java:194) -- 元素定位：AppiumBy.className: android.widget.EditText
2023-05-13 18:51:32 INFO  [main] top.page.top.testeru.AppBasePage.ElementScreenBase(AppBasePage.java:284) -- location=$(303, 362) size=$(749, 136) x=$303 y=$362 width=$749 height=$136
2023-05-13 18:51:35 INFO  [main] top.page.top.testeru.AppBasePage.find(AppBasePage.java:194) -- 元素定位：AppiumBy.androidUIAutomator: new UiSelector().text("保存")
2023-05-13 18:51:35 INFO  [main] top.page.top.testeru.AppBasePage.ElementScreenBase(AppBasePage.java:284) -- location=$(33, 748) size=$(490, 110) x=$33 y=$748 width=$490 height=$110
2023-05-13 18:51:37 INFO  [main] top.page.top.testeru.AppBasePage.editAddMember(AddMemberPage.java:30) -- 当前页面:<?xml version='1.0' encoding='UTF-8' standalone='yes' ?>
<hierarchy index="0" class="hierarchy" rotation="0" width="1080" height="2276">
  <android.widget.FrameLayout index="0" package="com.tencent.wework" class="android.widget.FrameLayout" text="" checkable="false" checked="false" clickable="false" enabled="true" focusable="false" focused="false" long-clickable="false" password="false" scrollable="false" selected="false" bounds="[0,0][1080,2276]" displayed="true">
    <android.widget.LinearLayout index="0" package="com.tencent.wework" class="android.widget.LinearLayout" text="" checkable="false" checked="false" clickable="false" enabled="true" focusable="false" focused="false" long-clickable="false" password="false" scrollable="false" selected="false" bounds="[0,0][1080,2276]" displayed="true">
      <android.widget.FrameLayout index="0" package="com.tencent.wework" class="android.widget.FrameLayout" text="" checkable="false" checked="false" clickable="false" enabled="true" focusable="false" focused="false" long-clickable="false" password="false" scrollable="false" selected="false" bounds="[0,80][1080,2276]" displayed="true">
        <android.widget.LinearLayout index="0" package="com.tencent.wework" class="android.widget.LinearLayout" text="" resource-id="com.tencent.wework:id/ek" checkable="false" checked="false" clickable="false" enabled="true" focusable="false" focused="false" long-clickable="false" password="false" scrollable="false" selected="false" bounds="[0,80][1080,2276]" displayed="true">
          <android.widget.FrameLayout index="0" package="com.tencent.wework" class="android.widget.FrameLayout" text="" resource-id="android:id/content" checkable="false" checked="false" clickable="false" enabled="true" focusable="false" focused="false" long-clickable="false" password="false" scrollable="false" selected="false" bounds="[0,80][1080,2276]" displayed="true">
            <android.widget.RelativeLayout index="0" package="com.tencent.wework" class="android.widget.RelativeLayout" text="" checkable="false" checked="false" clickable="false" enabled="true" focusable="false" focused="false" long-clickable="false" password="false" scrollable="false" selected="false" bounds="[0,80][1080,2276]" displayed="true">
              <android.widget.RelativeLayout index="0" package="com.tencent.wework" class="android.widget.RelativeLayout" text="" resource-id="com.tencent.wework:id/l7p" checkable="false" checked="false" clickable="false" enabled="true" focusable="false" focused="false" long-clickable="false" password="false" scrollable="false" selected="false" bounds="[0,80][1080,212]" displayed="true">
                <android.widget.LinearLayout index="0" package="com.tencent.wework" class="android.widget.LinearLayout" text="" resource-id="com.tencent.wework:id/l6g" checkable="false" checked="false" clickable="false" enabled="true" focusable="false" focused="false" long-clickable="false" password="false" scrollable="false" selected="false" bounds="[0,80][920,212]" displayed="true">
                  <android.widget.LinearLayout index="1" package="com.tencent.wework" class="android.widget.LinearLayout" text="" checkable="false" checked="false" clickable="false" enabled="true" focusable="false" focused="false" long-clickable="false" password="false" scrollable="false" selected="false" bounds="[0,80][115,212]" displayed="true">
                    <android.widget.TextView index="0" package="com.tencent.wework" class="android.widget.TextView" text="" resource-id="com.tencent.wework:id/l67" checkable="false" checked="false" clickable="true" enabled="true" focusable="true" focused="false" long-clickable="false" password="false" scrollable="false" selected="false" bounds="[0,80][115,212]" displayed="true" />
                  </android.widget.LinearLayout>
                  <android.widget.LinearLayout index="2" package="com.tencent.wework" class="android.widget.LinearLayout" text="" resource-id="com.tencent.wework:id/l6i" checkable="false" checked="false" clickable="false" enabled="true" focusable="false" focused="false" long-clickable="false" password="false" scrollable="false" selected="false" bounds="[115,80][920,212]" displayed="true">
                    <android.widget.LinearLayout index="0" package="com.tencent.wework" class="android.widget.LinearLayout" text="" resource-id="com.tencent.wework:id/l10" checkable="false" checked="false" clickable="false" enabled="true" focusable="false" focused="false" long-clickable="false" password="false" scrollable="false" selected="false" bounds="[143,80][337,212]" displayed="true">
                      <android.widget.LinearLayout index="0" package="com.tencent.wework" class="android.widget.LinearLayout" text="" checkable="false" checked="false" clickable="false" enabled="true" focusable="false" focused="false" long-clickable="false" password="false" scrollable="false" selected="false" bounds="[143,114][337,178]" displayed="true">
                        <android.widget.TextView index="0" package="com.tencent.wework" class="android.widget.TextView" text="添加成员" resource-id="com.tencent.wework:id/l68" checkable="false" checked="false" clickable="true" enabled="true" focusable="true" focused="false" long-clickable="false" password="false" scrollable="false" selected="false" bounds="[143,114][331,178]" displayed="true" />
                        <android.view.View index="1" package="com.tencent.wework" class="android.view.View" text="" resource-id="com.tencent.wework:id/l6e" checkable="false" checked="false" clickable="false" enabled="true" focusable="false" focused="false" long-clickable="false" password="false" scrollable="false" selected="false" bounds="[331,144][337,147]" displayed="true" />
                      </android.widget.LinearLayout>
                    </android.widget.LinearLayout>
                  </android.widget.LinearLayout>
                </android.widget.LinearLayout>
                <android.widget.LinearLayout index="2" package="com.tencent.wework" class="android.widget.LinearLayout" text="" resource-id="com.tencent.wework:id/l7b" checkable="false" checked="false" clickable="false" enabled="true" focusable="false" focused="false" long-clickable="false" password="false" scrollable="false" selected="false" bounds="[948,80][1080,212]" displayed="true">
                  <android.widget.RelativeLayout index="0" package="com.tencent.wework" class="android.widget.RelativeLayout" text="" checkable="false" checked="false" clickable="false" enabled="true" focusable="false" focused="false" long-clickable="false" password="false" scrollable="false" selected="false" bounds="[948,80][1080,212]" displayed="true">
                    <android.widget.TextView index="0" package="com.tencent.wework" class="android.widget.TextView" text="" resource-id="com.tencent.wework:id/l6w" checkable="false" checked="false" clickable="true" enabled="true" focusable="true" focused="false" long-clickable="false" password="false" scrollable="false" selected="false" bounds="[948,80][1080,212]" displayed="true" />
                  </android.widget.RelativeLayout>
                </android.widget.LinearLayout>
              </android.widget.RelativeLayout>
              <android.widget.LinearLayout index="1" package="com.tencent.wework" class="android.widget.LinearLayout" text="" resource-id="com.tencent.wework:id/l9r" checkable="false" checked="false" clickable="false" enabled="true" focusable="false" focused="false" long-clickable="false" password="false" scrollable="false" selected="false" bounds="[0,212][1080,346]" displayed="true">
                <android.view.ViewGroup index="0" package="com.tencent.wework" class="android.view.ViewGroup" text="" resource-id="com.tencent.wework:id/kjo" checkable="false" checked="false" clickable="false" enabled="true" focusable="false" focused="false" long-clickable="false" password="false" scrollable="false" selected="false" bounds="[0,212][1080,344]" displayed="true">
                  <android.widget.RelativeLayout index="0" package="com.tencent.wework" class="android.widget.RelativeLayout" text="" checkable="false" checked="false" clickable="true" enabled="true" focusable="true" focused="false" long-clickable="false" password="false" scrollable="false" selected="false" bounds="[0,212][540,344]" displayed="true">
                    <android.widget.RelativeLayout index="0" package="com.tencent.wework" class="android.widget.RelativeLayout" text="" checkable="false" checked="false" clickable="false" enabled="true" focusable="false" focused="false" long-clickable="false" password="false" scrollable="false" selected="false" bounds="[0,212][540,344]" displayed="true">
                      <android.widget.TextView index="0" package="com.tencent.wework" class="android.widget.TextView" text="添加成员" resource-id="com.tencent.wework:id/kmh" checkable="false" checked="false" clickable="false" enabled="true" focusable="false" focused="false" long-clickable="false" password="false" scrollable="false" selected="false" bounds="[192,252][348,304]" displayed="true" />
                      <android.view.View index="1" package="com.tencent.wework" class="android.view.View" text="" resource-id="com.tencent.wework:id/m4q" checkable="false" checked="false" clickable="false" enabled="true" focusable="false" focused="false" long-clickable="false" password="false" scrollable="false" selected="false" bounds="[539,240][540,316]" displayed="true" />
                      <android.view.View index="2" package="com.tencent.wework" class="android.view.View" text="" resource-id="com.tencent.wework:id/klw" checkable="false" checked="false" clickable="false" enabled="true" focusable="false" focused="false" long-clickable="false" password="false" scrollable="false" selected="false" bounds="[0,338][540,344]" displayed="true" />
                    </android.widget.RelativeLayout>
                  </android.widget.RelativeLayout>
                  <android.widget.RelativeLayout index="1" package="com.tencent.wework" class="android.widget.RelativeLayout" text="" checkable="false" checked="false" clickable="true" enabled="true" focusable="true" focused="false" long-clickable="false" password="false" scrollable="false" selected="false" bounds="[540,212][1080,344]" displayed="true">
                    <android.widget.RelativeLayout index="0" package="com.tencent.wework" class="android.widget.RelativeLayout" text="" checkable="false" checked="false" clickable="false" enabled="true" focusable="false" focused="false" long-clickable="false" password="false" scrollable="false" selected="false" bounds="[540,212][1080,344]" displayed="true">
                      <android.widget.TextView index="0" package="com.tencent.wework" class="android.widget.TextView" text="可能的同事" resource-id="com.tencent.wework:id/kmh" checkable="false" checked="false" clickable="false" enabled="true" focusable="false" focused="false" long-clickable="false" password="false" scrollable="false" selected="false" bounds="[712,252][907,304]" displayed="true" />
                      <android.view.View index="1" package="com.tencent.wework" class="android.view.View" text="" resource-id="com.tencent.wework:id/m4q" checkable="false" checked="false" clickable="false" enabled="true" focusable="false" focused="false" long-clickable="false" password="false" scrollable="false" selected="false" bounds="[1079,240][1080,316]" displayed="true" />
                    </android.widget.RelativeLayout>
                  </android.widget.RelativeLayout>
                </android.view.ViewGroup>
                <android.view.View index="1" package="com.tencent.wework" class="android.view.View" text="" checkable="false" checked="false" clickable="false" enabled="true" focusable="false" focused="false" long-clickable="false" password="false" scrollable="false" selected="false" bounds="[0,344][1080,346]" displayed="true" />
              </android.widget.LinearLayout>
              <android.widget.FrameLayout index="2" package="com.tencent.wework" class="android.widget.FrameLayout" text="" resource-id="com.tencent.wework:id/e7f" checkable="false" checked="false" clickable="false" enabled="true" focusable="false" focused="false" long-clickable="false" password="false" scrollable="false" selected="false" bounds="[0,346][1080,2276]" displayed="true">
                <android.widget.LinearLayout index="0" package="com.tencent.wework" class="android.widget.LinearLayout" text="" checkable="false" checked="false" clickable="false" enabled="true" focusable="false" focused="false" long-clickable="false" password="false" scrollable="false" selected="false" bounds="[0,346][1080,2276]" displayed="true">
                  <android.view.View index="0" package="com.tencent.wework" class="android.view.View" text="" checkable="false" checked="false" clickable="false" enabled="true" focusable="false" focused="false" long-clickable="false" password="false" scrollable="false" selected="false" bounds="[0,346][1080,379]" displayed="true" />
                  <android.widget.LinearLayout index="1" package="com.tencent.wework" class="android.widget.LinearLayout" text="" resource-id="com.tencent.wework:id/dwd" checkable="false" checked="false" clickable="false" enabled="true" focusable="false" focused="false" long-clickable="false" password="false" scrollable="false" selected="false" bounds="[39,379][1041,709]" displayed="true">
                    <android.widget.RelativeLayout index="0" package="com.tencent.wework" class="android.widget.RelativeLayout" text="" resource-id="com.tencent.wework:id/dwm" checkable="false" checked="false" clickable="true" enabled="true" focusable="true" focused="false" long-clickable="false" password="false" scrollable="false" selected="false" bounds="[39,379][1041,544]" displayed="true">
                      <android.widget.ImageView index="0" package="com.tencent.wework" class="android.widget.ImageView" text="" resource-id="com.tencent.wework:id/fkw" checkable="false" checked="false" clickable="false" enabled="true" focusable="false" focused="false" long-clickable="false" password="false" scrollable="false" selected="false" bounds="[83,428][149,494]" displayed="true" />
                      <android.widget.LinearLayout index="1" package="com.tencent.wework" class="android.widget.LinearLayout" text="" checkable="false" checked="false" clickable="false" enabled="true" focusable="false" focused="false" long-clickable="false" password="false" scrollable="false" selected="false" bounds="[204,430][997,492]" displayed="true">
                        <android.widget.TextView index="0" package="com.tencent.wework" class="android.widget.TextView" text="微信邀请同事" resource-id="com.tencent.wework:id/lwf" checkable="false" checked="false" clickable="false" enabled="true" focusable="false" focused="false" long-clickable="false" password="false" scrollable="false" selected="false" bounds="[204,433][468,492]" displayed="true" />
                      </android.widget.LinearLayout>
                      <android.widget.ImageView index="2" package="com.tencent.wework" class="android.widget.ImageView" text="" resource-id="com.tencent.wework:id/lwc" checkable="false" checked="false" clickable="false" enabled="true" focusable="false" focused="false" long-clickable="false" password="false" scrollable="false" selected="false" bounds="[917,442][950,481]" displayed="true" />
                      <android.widget.ImageView index="3" package="com.tencent.wework" class="android.widget.ImageView" text="" resource-id="com.tencent.wework:id/lvx" checkable="false" checked="false" clickable="false" enabled="true" focusable="false" focused="false" long-clickable="false" password="false" scrollable="false" selected="false" bounds="[978,445][997,478]" displayed="true" />
                    </android.widget.RelativeLayout>
                    <android.widget.RelativeLayout index="1" package="com.tencent.wework" class="android.widget.RelativeLayout" text="" resource-id="com.tencent.wework:id/dwf" checkable="false" checked="false" clickable="true" enabled="true" focusable="true" focused="false" long-clickable="false" password="false" scrollable="false" selected="false" bounds="[39,544][1041,709]" displayed="true">
                      <android.view.View index="0" package="com.tencent.wework" class="android.view.View" text="" checkable="false" checked="false" clickable="false" enabled="true" focusable="false" focused="false" long-clickable="false" password="false" scrollable="false" selected="false" bounds="[83,544][997,545]" displayed="true" />
                      <android.widget.ImageView index="1" package="com.tencent.wework" class="android.widget.ImageView" text="" resource-id="com.tencent.wework:id/lw2" checkable="false" checked="false" clickable="false" enabled="true" focusable="false" focused="false" long-clickable="false" password="false" scrollable="false" selected="false" bounds="[83,593][149,659]" displayed="true" />
                      <android.widget.LinearLayout index="2" package="com.tencent.wework" class="android.widget.LinearLayout" text="" checkable="false" checked="false" clickable="false" enabled="true" focusable="false" focused="false" long-clickable="false" password="false" scrollable="false" selected="false" bounds="[204,593][997,660]" displayed="true">
                        <android.widget.TextView index="0" package="com.tencent.wework" class="android.widget.TextView" text="面对面邀请同事" resource-id="com.tencent.wework:id/e9j" checkable="false" checked="false" clickable="false" enabled="true" focusable="false" focused="false" long-clickable="false" password="false" scrollable="false" selected="false" bounds="[204,593][512,652]" displayed="true" />
                      </android.widget.LinearLayout>
                      <android.widget.ImageView index="3" package="com.tencent.wework" class="android.widget.ImageView" text="" checkable="false" checked="false" clickable="false" enabled="true" focusable="false" focused="false" long-clickable="false" password="false" scrollable="false" selected="false" bounds="[978,610][997,643]" displayed="true" />
                    </android.widget.RelativeLayout>
                  </android.widget.LinearLayout>
                  <android.widget.LinearLayout index="2" package="com.tencent.wework" class="android.widget.LinearLayout" text="" resource-id="com.tencent.wework:id/dwc" checkable="false" checked="false" clickable="false" enabled="true" focusable="false" focused="false" long-clickable="false" password="false" scrollable="false" selected="false" bounds="[39,753][1041,1248]" displayed="true">
                    <android.widget.RelativeLayout index="0" package="com.tencent.wework" class="android.widget.RelativeLayout" text="" resource-id="com.tencent.wework:id/dwk" checkable="false" checked="false" clickable="true" enabled="true" focusable="true" focused="false" long-clickable="false" password="false" scrollable="false" selected="false" bounds="[39,753][1041,918]" displayed="true">
                      <android.widget.ImageView index="0" package="com.tencent.wework" class="android.widget.ImageView" text="" resource-id="com.tencent.wework:id/lw9" checkable="false" checked="false" clickable="false" enabled="true" focusable="false" focused="false" long-clickable="false" password="false" scrollable="false" selected="false" bounds="[83,802][149,868]" displayed="true" />
                      <android.widget.LinearLayout index="1" package="com.tencent.wework" class="android.widget.LinearLayout" text="" checkable="false" checked="false" clickable="false" enabled="true" focusable="false" focused="false" long-clickable="false" password="false" scrollable="false" selected="false" bounds="[204,804][978,866]" displayed="true">
                        <android.widget.TextView index="0" package="com.tencent.wework" class="android.widget.TextView" text="从微信群中添加" resource-id="com.tencent.wework:id/lwh" checkable="false" checked="false" clickable="false" enabled="true" focusable="false" focused="false" long-clickable="false" password="false" scrollable="false" selected="false" bounds="[204,807][512,866]" displayed="true" />
                      </android.widget.LinearLayout>
                      <android.widget.ImageView index="2" package="com.tencent.wework" class="android.widget.ImageView" text="" resource-id="com.tencent.wework:id/lvz" checkable="false" checked="false" clickable="false" enabled="true" focusable="false" focused="false" long-clickable="false" password="false" scrollable="false" selected="false" bounds="[978,819][997,852]" displayed="true" />
                      <android.view.View index="3" package="com.tencent.wework" class="android.view.View" text="" checkable="false" checked="false" clickable="false" enabled="true" focusable="false" focused="false" long-clickable="false" password="false" scrollable="false" selected="false" bounds="[83,917][997,918]" displayed="true" />
                    </android.widget.RelativeLayout>
                    <android.widget.RelativeLayout index="1" package="com.tencent.wework" class="android.widget.RelativeLayout" text="" resource-id="com.tencent.wework:id/dwi" checkable="false" checked="false" clickable="true" enabled="true" focusable="true" focused="false" long-clickable="false" password="false" scrollable="false" selected="false" bounds="[39,918][1041,1083]" displayed="true">
                      <android.widget.ImageView index="0" package="com.tencent.wework" class="android.widget.ImageView" text="" resource-id="com.tencent.wework:id/lw6" checkable="false" checked="false" clickable="false" enabled="true" focusable="false" focused="false" long-clickable="false" password="false" scrollable="false" selected="false" bounds="[83,967][149,1033]" displayed="true" />
                      <android.widget.LinearLayout index="1" package="com.tencent.wework" class="android.widget.LinearLayout" text="" checkable="false" checked="false" clickable="false" enabled="true" focusable="false" focused="false" long-clickable="false" password="false" scrollable="false" selected="false" bounds="[204,967][997,1034]" displayed="true">
                        <android.widget.TextView index="0" package="com.tencent.wework" class="android.widget.TextView" text="从微信/手机通讯录中添加" checkable="false" checked="false" clickable="false" enabled="true" focusable="false" focused="false" long-clickable="false" password="false" scrollable="false" selected="false" bounds="[204,967][706,1026]" displayed="true" />
                      </android.widget.LinearLayout>
                      <android.widget.ImageView index="2" package="com.tencent.wework" class="android.widget.ImageView" text="" checkable="false" checked="false" clickable="false" enabled="true" focusable="false" focused="false" long-clickable="false" password="false" scrollable="false" selected="false" bounds="[978,984][997,1017]" displayed="true" />
                      <android.view.View index="3" package="com.tencent.wework" class="android.view.View" text="" checkable="false" checked="false" clickable="false" enabled="true" focusable="false" focused="false" long-clickable="false" password="false" scrollable="false" selected="false" bounds="[83,1082][997,1083]" displayed="true" />
                    </android.widget.RelativeLayout>
                    <android.widget.RelativeLayout index="2" package="com.tencent.wework" class="android.widget.RelativeLayout" text="" resource-id="com.tencent.wework:id/dwh" checkable="false" checked="false" clickable="true" enabled="true" focusable="true" focused="false" long-clickable="false" password="false" scrollable="false" selected="false" bounds="[39,1083][1041,1248]" displayed="true">
                      <android.widget.ImageView index="0" package="com.tencent.wework" class="android.widget.ImageView" text="" resource-id="com.tencent.wework:id/lw5" checkable="false" checked="false" clickable="false" enabled="true" focusable="false" focused="false" long-clickable="false" password="false" scrollable="false" selected="false" bounds="[83,1132][149,1198]" displayed="true" />
                      <android.widget.LinearLayout index="1" package="com.tencent.wework" class="android.widget.LinearLayout" text="" checkable="false" checked="false" clickable="false" enabled="true" focusable="false" focused="false" long-clickable="false" password="false" scrollable="false" selected="false" bounds="[204,1132][997,1199]" displayed="true">
                        <android.widget.TextView index="0" package="com.tencent.wework" class="android.widget.TextView" text="手动输入添加" checkable="false" checked="false" clickable="false" enabled="true" focusable="false" focused="false" long-clickable="false" password="false" scrollable="false" selected="false" bounds="[204,1132][468,1191]" displayed="true" />
                      </android.widget.LinearLayout>
                      <android.widget.ImageView index="2" package="com.tencent.wework" class="android.widget.ImageView" text="" checkable="false" checked="false" clickable="false" enabled="true" focusable="false" focused="false" long-clickable="false" password="false" scrollable="false" selected="false" bounds="[978,1149][997,1182]" displayed="true" />
                      <android.view.View index="3" package="com.tencent.wework" class="android.view.View" text="" checkable="false" checked="false" clickable="false" enabled="true" focusable="false" focused="false" long-clickable="false" password="false" scrollable="false" selected="false" bounds="[83,1247][997,1248]" displayed="true" />
                    </android.widget.RelativeLayout>
                  </android.widget.LinearLayout>
                  <android.widget.RelativeLayout index="3" package="com.tencent.wework" class="android.widget.RelativeLayout" text="" resource-id="com.tencent.wework:id/dwg" checkable="false" checked="false" clickable="true" enabled="true" focusable="true" focused="false" long-clickable="false" password="false" scrollable="false" selected="false" bounds="[39,1292][1041,1457]" displayed="true">
                    <android.widget.ImageView index="0" package="com.tencent.wework" class="android.widget.ImageView" text="" resource-id="com.tencent.wework:id/lw4" checkable="false" checked="false" clickable="false" enabled="true" focusable="false" focused="false" long-clickable="false" password="false" scrollable="false" selected="false" bounds="[83,1341][149,1407]" displayed="true" />
                    <android.widget.LinearLayout index="1" package="com.tencent.wework" class="android.widget.LinearLayout" text="" checkable="false" checked="false" clickable="false" enabled="true" focusable="false" focused="false" long-clickable="false" password="false" scrollable="false" selected="false" bounds="[204,1341][997,1408]" displayed="true">
                      <android.widget.TextView index="0" package="com.tencent.wework" class="android.widget.TextView" text="上传已有成员名单" checkable="false" checked="false" clickable="false" enabled="true" focusable="false" focused="false" long-clickable="false" password="false" scrollable="false" selected="false" bounds="[204,1341][556,1400]" displayed="true" />
                    </android.widget.LinearLayout>
                    <android.widget.ImageView index="2" package="com.tencent.wework" class="android.widget.ImageView" text="" checkable="false" checked="false" clickable="false" enabled="true" focusable="false" focused="false" long-clickable="false" password="false" scrollable="false" selected="false" bounds="[978,1358][997,1391]" displayed="true" />
                  </android.widget.RelativeLayout>
                </android.widget.LinearLayout>
              </android.widget.FrameLayout>
            </android.widget.RelativeLayout>
          </android.widget.FrameLayout>
        </android.widget.LinearLayout>
      </android.widget.FrameLayout>
    </android.widget.LinearLayout>
  </android.widget.FrameLayout>
  <android.widget.Toast index="1" package="com.android.settings" class="android.widget.Toast" text="添加成功" displayed="true" />
</hierarchy>
2023-05-13 18:51:37 INFO  [main] top.page.top.testeru.AppBasePage.find(AppBasePage.java:194) -- 元素定位：By.xpath: //*[@class="android.widget.Toast"]
2023-05-13 18:51:37 INFO  [main] top.page.top.testeru.AppBasePage.back(AppBasePage.java:234) -- 滑动返回
2023-05-13 18:51:40 INFO  [main] top.page.top.testeru.AppBasePage.find(AppBasePage.java:194) -- 元素定位：AppiumBy.androidUIAutomator: new UiSelector().text("搜索")
2023-05-13 18:51:40 INFO  [main] top.page.top.testeru.AppBasePage.ElementScreenBase(AppBasePage.java:284) -- location=$(138, 110) size=$(942, 71) x=$138 y=$110 width=$942 height=$71
2023-05-13 18:51:43 INFO  [main] top.page.top.testeru.AppBasePage.find(AppBasePage.java:194) -- 元素定位：By.xpath: //*[@text="联系人"]/../following-sibling::*//*[@class="android.widget.TextView"]
2023-05-13 18:51:44 INFO  [main] top.page.top.testeru.AppBasePage.ElementScreenBase(AppBasePage.java:284) -- location=$(204, 345) size=$(132, 59) x=$204 y=$345 width=$132 height=$59
2023-05-13 18:51:45 INFO  [main] top.page.top.testeru.AppBasePage.find(AppBasePage.java:194) -- 元素定位：By.xpath: //*[@class="android.widget.ImageView"]/following-sibling::*//*[@class="android.widget.TextView"]
2023-05-13 18:51:45 INFO  [main] top.page.top.testeru.AppBasePage.ElementScreenBase(AppBasePage.java:284) -- location=$(267, 334) size=$(194, 64) x=$267 y=$334 width=$194 height=$64
2023-05-13 18:51:46 INFO  [main] top.page.top.testeru.AppBasePage.find(AppBasePage.java:194) -- 元素定位：By.xpath: //*[@text="手机"]/following-sibling::*//*[@class="android.widget.TextView"]
2023-05-13 18:51:46 INFO  [main] top.page.top.testeru.AppBasePage.ElementScreenBase(AppBasePage.java:284) -- location=$(187, 836) size=$(339, 59) x=$187 y=$836 width=$339 height=$59
2023-05-13 18:51:46 INFO  [main] top.page.top.testeru.AppBasePage.getMember(ProfilePage.java:21) -- User:AddMember{name='沈博涛', phone='15103126614', toast='添加成功'}
2023-05-13 18:51:46 INFO  [main] top.page.top.testeru.AppBasePage.back(AppBasePage.java:234) -- 滑动返回
2023-05-13 18:51:48 INFO  [main] top.page.top.testeru.AppBasePage.find(AppBasePage.java:194) -- 元素定位：AppiumBy.className: android.widget.ImageView
2023-05-13 18:51:48 INFO  [main] top.page.top.testeru.AppBasePage.ElementScreenBase(AppBasePage.java:284) -- location=$(948, 80) size=$(132, 132) x=$948 y=$80 width=$132 height=$132
2023-05-13 18:51:49 INFO  [main] top.page.top.testeru.AppBasePage.back(AppBasePage.java:234) -- 滑动返回
2023-05-13 19:12:06 INFO  [main] top.page.top.testeru.AppBasePage.deletedir(AppBasePage.java:185) --  png 文件夹删除
2023-05-13 19:12:06 INFO  [main] top.page.top.testeru.AppBasePage.mkdir(AppBasePage.java:198) -- 创建 png 文件夹
2023-05-13 19:12:06 INFO  [main] top.page.top.testeru.AppBasePage.killPort(AppBasePage.java:52) -- 当前操作系统：{}Mac OS X
2023-05-13 19:12:07 INFO  [Thread-0] top.page.top.testeru.AppBasePage.lambda$new$0(AppBasePage.java:131) -- appium server命令执行失败
