2023-05-28 09:12:13 INFO  [main] top.testeru.util.DirectoryUtil.deletedir(DirectoryUtil.java:22) -- png 文件夹删除
2023-05-28 09:12:13 INFO  [main] top.testeru.util.DirectoryUtil.mkdir(DirectoryUtil.java:38) -- 创建 png 文件夹
2023-05-28 09:12:13 INFO  [main] top.testeru.util.AppiumServer.killPort(AppiumServer.java:41) -- 当前操作系统：Mac OS X
2023-05-28 09:12:28 INFO  [main] top.testeru.page.AppBasePage.find(AppBasePage.java:105) -- 元素定位：By.xpath: //*[@text="通讯录"]
2023-05-28 09:12:28 INFO  [main] top.testeru.page.AppBasePage.ElementScreenBase(AppBasePage.java:211) -- location=$(864, 2225) size=$(216, 51) x=$864 y=$2225 width=$216 height=$51
2023-05-28 09:12:50 INFO  [main] top.testeru.page.AppBasePage.upAndDown(AppBasePage.java:156) -- 上下滑动
2023-05-28 09:12:50 INFO  [main] top.testeru.page.AppBasePage.upAndDown(AppBasePage.java:163) -- 从(540, 1820)滑动到(540, 455)
2023-05-28 09:13:12 INFO  [main] top.testeru.page.AppBasePage.upAndDown(AppBasePage.java:156) -- 上下滑动
2023-05-28 09:13:12 INFO  [main] top.testeru.page.AppBasePage.upAndDown(AppBasePage.java:163) -- 从(540, 1820)滑动到(540, 455)
2023-05-28 09:13:33 INFO  [main] top.testeru.page.AppBasePage.upAndDown(AppBasePage.java:156) -- 上下滑动
2023-05-28 09:13:33 INFO  [main] top.testeru.page.AppBasePage.upAndDown(AppBasePage.java:163) -- 从(540, 1820)滑动到(540, 455)
2023-05-28 09:13:54 INFO  [main] top.testeru.page.AppBasePage.upAndDown(AppBasePage.java:156) -- 上下滑动
2023-05-28 09:13:54 INFO  [main] top.testeru.page.AppBasePage.upAndDown(AppBasePage.java:163) -- 从(540, 1820)滑动到(540, 455)
2023-05-28 09:14:15 INFO  [main] top.testeru.page.AppBasePage.upAndDown(AppBasePage.java:156) -- 上下滑动
2023-05-28 09:14:15 INFO  [main] top.testeru.page.AppBasePage.upAndDown(AppBasePage.java:163) -- 从(540, 1820)滑动到(540, 455)
2023-05-28 09:14:36 INFO  [main] top.testeru.page.AppBasePage.upAndDown(AppBasePage.java:156) -- 上下滑动
2023-05-28 09:14:36 INFO  [main] top.testeru.page.AppBasePage.upAndDown(AppBasePage.java:163) -- 从(540, 1820)滑动到(540, 455)
2023-05-28 09:14:57 INFO  [main] top.testeru.page.AppBasePage.upAndDown(AppBasePage.java:156) -- 上下滑动
2023-05-28 09:14:57 INFO  [main] top.testeru.page.AppBasePage.upAndDown(AppBasePage.java:163) -- 从(540, 1820)滑动到(540, 455)
2023-05-28 09:15:28 INFO  [main] top.testeru.util.DirectoryUtil.deletedir(DirectoryUtil.java:22) -- png 文件夹删除
2023-05-28 09:15:28 INFO  [main] top.testeru.util.DirectoryUtil.mkdir(DirectoryUtil.java:38) -- 创建 png 文件夹
2023-05-28 09:15:28 INFO  [main] top.testeru.util.AppiumServer.killPort(AppiumServer.java:41) -- 当前操作系统：Mac OS X
2023-05-28 09:15:41 INFO  [main] top.testeru.page.AppBasePage.find(AppBasePage.java:105) -- 元素定位：By.xpath: //*[@text="通讯录"]
2023-05-28 09:15:41 INFO  [main] top.testeru.page.AppBasePage.ElementScreenBase(AppBasePage.java:211) -- location=$(864, 2225) size=$(216, 51) x=$864 y=$2225 width=$216 height=$51
2023-05-28 09:16:03 INFO  [main] top.testeru.page.AppBasePage.upAndDown(AppBasePage.java:156) -- 上下滑动
2023-05-28 09:16:03 INFO  [main] top.testeru.page.AppBasePage.upAndDown(AppBasePage.java:163) -- 从(540, 1820)滑动到(540, 455)
2023-05-28 09:16:24 INFO  [main] top.testeru.page.AppBasePage.upAndDown(AppBasePage.java:156) -- 上下滑动
2023-05-28 09:16:24 INFO  [main] top.testeru.page.AppBasePage.upAndDown(AppBasePage.java:163) -- 从(540, 1820)滑动到(540, 455)
2023-05-28 09:16:46 INFO  [main] top.testeru.page.AppBasePage.upAndDown(AppBasePage.java:156) -- 上下滑动
2023-05-28 09:16:46 INFO  [main] top.testeru.page.AppBasePage.upAndDown(AppBasePage.java:163) -- 从(540, 1820)滑动到(540, 455)
2023-05-28 09:16:47 INFO  [main] top.testeru.page.AppBasePage.find(AppBasePage.java:105) -- 元素定位：By.cssSelector: [text="添加成员"]
2023-05-28 09:16:47 INFO  [main] top.testeru.page.AppBasePage.ElementScreenBase(AppBasePage.java:211) -- location=$(176, 1965) size=$(860, 59) x=$176 y=$1965 width=$860 height=$59
2023-05-28 09:16:47 INFO  [main] top.testeru.page.AppBasePage.find(AppBasePage.java:105) -- 元素定位：By.cssSelector: [text="添加成员"]
2023-05-28 09:16:48 INFO  [main] top.testeru.page.AppBasePage.ElementScreenBase(AppBasePage.java:211) -- location=$(176, 1965) size=$(860, 59) x=$176 y=$1965 width=$860 height=$59
2023-05-28 09:16:49 INFO  [main] top.testeru.BaseTest.editAdd(AddMemberTest.java:42) -- 添加成员：高越泽
2023-05-28 09:16:49 INFO  [main] top.testeru.page.AppBasePage.find(AppBasePage.java:105) -- 元素定位：AppiumBy.androidUIAutomator: new UiSelector().text("手动输入添加")
2023-05-28 09:16:50 INFO  [main] top.testeru.page.AppBasePage.ElementScreenBase(AppBasePage.java:211) -- location=$(204, 1132) size=$(264, 59) x=$204 y=$1132 width=$264 height=$59
2023-05-28 09:16:51 INFO  [main] top.testeru.page.AppBasePage.find(AppBasePage.java:105) -- 元素定位：AppiumBy.className: android.widget.EditText
2023-05-28 09:16:51 INFO  [main] top.testeru.page.AppBasePage.ElementScreenBase(AppBasePage.java:211) -- location=$(303, 362) size=$(749, 136) x=$303 y=$362 width=$749 height=$136
2023-05-28 09:16:54 INFO  [main] top.testeru.page.AppBasePage.find(AppBasePage.java:105) -- 元素定位：AppiumBy.androidUIAutomator: new UiSelector().text("保存")
2023-05-28 09:16:54 INFO  [main] top.testeru.page.AppBasePage.ElementScreenBase(AppBasePage.java:211) -- location=$(33, 748) size=$(490, 110) x=$33 y=$748 width=$490 height=$110
2023-05-28 09:16:57 INFO  [main] top.testeru.page.AppBasePage.editAddMember(AddMemberPage.java:30) -- 当前页面:<?xml version='1.0' encoding='UTF-8' standalone='yes' ?>
<hierarchy index="0" class="hierarchy" rotation="0" width="1080" height="2276">
  <android.widget.FrameLayout index="0" package="com.tencent.wework" class="android.widget.FrameLayout" text="" checkable="false" checked="false" clickable="false" enabled="true" focusable="false" focused="false" long-clickable="false" password="false" scrollable="false" selected="false" bounds="[0,0][1080,2276]" displayed="true">
    <android.widget.LinearLayout index="0" package="com.tencent.wework" class="android.widget.LinearLayout" text="" checkable="false" checked="false" clickable="false" enabled="true" focusable="false" focused="false" long-clickable="false" password="false" scrollable="false" selected="false" bounds="[0,0][1080,2276]" displayed="true">
      <android.widget.FrameLayout index="0" package="com.tencent.wework" class="android.widget.FrameLayout" text="" checkable="false" checked="false" clickable="false" enabled="true" focusable="false" focused="false" long-clickable="false" password="false" scrollable="false" selected="false" bounds="[0,80][1080,2276]" displayed="true">
        <android.widget.LinearLayout index="0" package="com.tencent.wework" class="android.widget.LinearLayout" text="" resource-id="com.tencent.wework:id/eq" checkable="false" checked="false" clickable="false" enabled="true" focusable="false" focused="false" long-clickable="false" password="false" scrollable="false" selected="false" bounds="[0,80][1080,2276]" displayed="true">
          <android.widget.FrameLayout index="0" package="com.tencent.wework" class="android.widget.FrameLayout" text="" resource-id="android:id/content" checkable="false" checked="false" clickable="false" enabled="true" focusable="false" focused="false" long-clickable="false" password="false" scrollable="false" selected="false" bounds="[0,80][1080,2276]" displayed="true">
            <android.widget.RelativeLayout index="0" package="com.tencent.wework" class="android.widget.RelativeLayout" text="" checkable="false" checked="false" clickable="false" enabled="true" focusable="false" focused="false" long-clickable="false" password="false" scrollable="false" selected="false" bounds="[0,80][1080,2276]" displayed="true">
              <android.widget.RelativeLayout index="0" package="com.tencent.wework" class="android.widget.RelativeLayout" text="" resource-id="com.tencent.wework:id/lft" checkable="false" checked="false" clickable="false" enabled="true" focusable="false" focused="false" long-clickable="false" password="false" scrollable="false" selected="false" bounds="[0,80][1080,212]" displayed="true">
                <android.widget.LinearLayout index="0" package="com.tencent.wework" class="android.widget.LinearLayout" text="" resource-id="com.tencent.wework:id/lek" checkable="false" checked="false" clickable="false" enabled="true" focusable="false" focused="false" long-clickable="false" password="false" scrollable="false" selected="false" bounds="[0,80][920,212]" displayed="true">
                  <android.widget.LinearLayout index="1" package="com.tencent.wework" class="android.widget.LinearLayout" text="" checkable="false" checked="false" clickable="false" enabled="true" focusable="false" focused="false" long-clickable="false" password="false" scrollable="false" selected="false" bounds="[0,80][115,212]" displayed="true">
                    <android.widget.TextView index="0" package="com.tencent.wework" class="android.widget.TextView" text="" resource-id="com.tencent.wework:id/lea" checkable="false" checked="false" clickable="true" enabled="true" focusable="true" focused="false" long-clickable="false" password="false" scrollable="false" selected="false" bounds="[0,80][115,212]" displayed="true" />
                  </android.widget.LinearLayout>
                  <android.widget.LinearLayout index="2" package="com.tencent.wework" class="android.widget.LinearLayout" text="" resource-id="com.tencent.wework:id/lem" checkable="false" checked="false" clickable="false" enabled="true" focusable="false" focused="false" long-clickable="false" password="false" scrollable="false" selected="false" bounds="[115,80][920,212]" displayed="true">
                    <android.widget.LinearLayout index="0" package="com.tencent.wework" class="android.widget.LinearLayout" text="" resource-id="com.tencent.wework:id/l9y" checkable="false" checked="false" clickable="false" enabled="true" focusable="false" focused="false" long-clickable="false" password="false" scrollable="false" selected="false" bounds="[143,80][337,212]" displayed="true">
                      <android.widget.LinearLayout index="0" package="com.tencent.wework" class="android.widget.LinearLayout" text="" checkable="false" checked="false" clickable="false" enabled="true" focusable="false" focused="false" long-clickable="false" password="false" scrollable="false" selected="false" bounds="[143,114][337,178]" displayed="true">
                        <android.widget.TextView index="0" package="com.tencent.wework" class="android.widget.TextView" text="添加成员" resource-id="com.tencent.wework:id/leb" checkable="false" checked="false" clickable="true" enabled="true" focusable="true" focused="false" long-clickable="false" password="false" scrollable="false" selected="false" bounds="[143,114][331,178]" displayed="true" />
                        <android.view.View index="1" package="com.tencent.wework" class="android.view.View" text="" resource-id="com.tencent.wework:id/lei" checkable="false" checked="false" clickable="false" enabled="true" focusable="false" focused="false" long-clickable="false" password="false" scrollable="false" selected="false" bounds="[331,144][337,147]" displayed="true" />
                      </android.widget.LinearLayout>
                    </android.widget.LinearLayout>
                  </android.widget.LinearLayout>
                </android.widget.LinearLayout>
                <android.widget.LinearLayout index="2" package="com.tencent.wework" class="android.widget.LinearLayout" text="" resource-id="com.tencent.wework:id/lff" checkable="false" checked="false" clickable="false" enabled="true" focusable="false" focused="false" long-clickable="false" password="false" scrollable="false" selected="false" bounds="[948,80][1080,212]" displayed="true">
                  <android.widget.RelativeLayout index="0" package="com.tencent.wework" class="android.widget.RelativeLayout" text="" checkable="false" checked="false" clickable="false" enabled="true" focusable="false" focused="false" long-clickable="false" password="false" scrollable="false" selected="false" bounds="[948,80][1080,212]" displayed="true">
                    <android.widget.TextView index="0" package="com.tencent.wework" class="android.widget.TextView" text="" resource-id="com.tencent.wework:id/lf0" checkable="false" checked="false" clickable="true" enabled="true" focusable="true" focused="false" long-clickable="false" password="false" scrollable="false" selected="false" bounds="[948,80][1080,212]" displayed="true" />
                  </android.widget.RelativeLayout>
                </android.widget.LinearLayout>
              </android.widget.RelativeLayout>
              <android.widget.LinearLayout index="1" package="com.tencent.wework" class="android.widget.LinearLayout" text="" resource-id="com.tencent.wework:id/lhv" checkable="false" checked="false" clickable="false" enabled="true" focusable="false" focused="false" long-clickable="false" password="false" scrollable="false" selected="false" bounds="[0,212][1080,346]" displayed="true">
                <android.view.ViewGroup index="0" package="com.tencent.wework" class="android.view.ViewGroup" text="" resource-id="com.tencent.wework:id/kru" checkable="false" checked="false" clickable="false" enabled="true" focusable="false" focused="false" long-clickable="false" password="false" scrollable="false" selected="false" bounds="[0,212][1080,344]" displayed="true">
                  <android.widget.RelativeLayout index="0" package="com.tencent.wework" class="android.widget.RelativeLayout" text="" checkable="false" checked="false" clickable="true" enabled="true" focusable="true" focused="false" long-clickable="false" password="false" scrollable="false" selected="false" bounds="[0,212][540,344]" displayed="true">
                    <android.widget.RelativeLayout index="0" package="com.tencent.wework" class="android.widget.RelativeLayout" text="" checkable="false" checked="false" clickable="false" enabled="true" focusable="false" focused="false" long-clickable="false" password="false" scrollable="false" selected="false" bounds="[0,212][540,344]" displayed="true">
                      <android.widget.TextView index="0" package="com.tencent.wework" class="android.widget.TextView" text="添加成员" resource-id="com.tencent.wework:id/kv6" checkable="false" checked="false" clickable="false" enabled="true" focusable="false" focused="false" long-clickable="false" password="false" scrollable="false" selected="false" bounds="[192,252][348,304]" displayed="true" />
                      <android.view.View index="1" package="com.tencent.wework" class="android.view.View" text="" resource-id="com.tencent.wework:id/md9" checkable="false" checked="false" clickable="false" enabled="true" focusable="false" focused="false" long-clickable="false" password="false" scrollable="false" selected="false" bounds="[539,240][540,316]" displayed="true" />
                      <android.view.View index="2" package="com.tencent.wework" class="android.view.View" text="" resource-id="com.tencent.wework:id/kuf" checkable="false" checked="false" clickable="false" enabled="true" focusable="false" focused="false" long-clickable="false" password="false" scrollable="false" selected="false" bounds="[0,338][540,344]" displayed="true" />
                    </android.widget.RelativeLayout>
                  </android.widget.RelativeLayout>
                  <android.widget.RelativeLayout index="1" package="com.tencent.wework" class="android.widget.RelativeLayout" text="" checkable="false" checked="false" clickable="true" enabled="true" focusable="true" focused="false" long-clickable="false" password="false" scrollable="false" selected="false" bounds="[540,212][1080,344]" displayed="true">
                    <android.widget.RelativeLayout index="0" package="com.tencent.wework" class="android.widget.RelativeLayout" text="" checkable="false" checked="false" clickable="false" enabled="true" focusable="false" focused="false" long-clickable="false" password="false" scrollable="false" selected="false" bounds="[540,212][1080,344]" displayed="true">
                      <android.widget.TextView index="0" package="com.tencent.wework" class="android.widget.TextView" text="可能的同事" resource-id="com.tencent.wework:id/kv6" checkable="false" checked="false" clickable="false" enabled="true" focusable="false" focused="false" long-clickable="false" password="false" scrollable="false" selected="false" bounds="[712,252][907,304]" displayed="true" />
                      <android.view.View index="1" package="com.tencent.wework" class="android.view.View" text="" resource-id="com.tencent.wework:id/md9" checkable="false" checked="false" clickable="false" enabled="true" focusable="false" focused="false" long-clickable="false" password="false" scrollable="false" selected="false" bounds="[1079,240][1080,316]" displayed="true" />
                    </android.widget.RelativeLayout>
                  </android.widget.RelativeLayout>
                </android.view.ViewGroup>
                <android.view.View index="1" package="com.tencent.wework" class="android.view.View" text="" checkable="false" checked="false" clickable="false" enabled="true" focusable="false" focused="false" long-clickable="false" password="false" scrollable="false" selected="false" bounds="[0,344][1080,346]" displayed="true" />
              </android.widget.LinearLayout>
              <android.widget.FrameLayout index="2" package="com.tencent.wework" class="android.widget.FrameLayout" text="" resource-id="com.tencent.wework:id/ea6" checkable="false" checked="false" clickable="false" enabled="true" focusable="false" focused="false" long-clickable="false" password="false" scrollable="false" selected="false" bounds="[0,346][1080,2276]" displayed="true">
                <android.widget.LinearLayout index="0" package="com.tencent.wework" class="android.widget.LinearLayout" text="" checkable="false" checked="false" clickable="false" enabled="true" focusable="false" focused="false" long-clickable="false" password="false" scrollable="false" selected="false" bounds="[0,346][1080,2276]" displayed="true">
                  <android.view.View index="0" package="com.tencent.wework" class="android.view.View" text="" checkable="false" checked="false" clickable="false" enabled="true" focusable="false" focused="false" long-clickable="false" password="false" scrollable="false" selected="false" bounds="[0,346][1080,379]" displayed="true" />
                  <android.widget.LinearLayout index="1" package="com.tencent.wework" class="android.widget.LinearLayout" text="" resource-id="com.tencent.wework:id/dzw" checkable="false" checked="false" clickable="false" enabled="true" focusable="false" focused="false" long-clickable="false" password="false" scrollable="false" selected="false" bounds="[39,379][1041,709]" displayed="true">
                    <android.widget.RelativeLayout index="0" package="com.tencent.wework" class="android.widget.RelativeLayout" text="" resource-id="com.tencent.wework:id/e05" checkable="false" checked="false" clickable="true" enabled="true" focusable="true" focused="false" long-clickable="false" password="false" scrollable="false" selected="false" bounds="[39,379][1041,544]" displayed="true">
                      <android.widget.ImageView index="0" package="com.tencent.wework" class="android.widget.ImageView" text="" resource-id="com.tencent.wework:id/fqu" checkable="false" checked="false" clickable="false" enabled="true" focusable="false" focused="false" long-clickable="false" password="false" scrollable="false" selected="false" bounds="[83,428][149,494]" displayed="true" />
                      <android.widget.LinearLayout index="1" package="com.tencent.wework" class="android.widget.LinearLayout" text="" checkable="false" checked="false" clickable="false" enabled="true" focusable="false" focused="false" long-clickable="false" password="false" scrollable="false" selected="false" bounds="[204,430][997,492]" displayed="true">
                        <android.widget.TextView index="0" package="com.tencent.wework" class="android.widget.TextView" text="微信邀请同事" resource-id="com.tencent.wework:id/m5k" checkable="false" checked="false" clickable="false" enabled="true" focusable="false" focused="false" long-clickable="false" password="false" scrollable="false" selected="false" bounds="[204,433][468,492]" displayed="true" />
                      </android.widget.LinearLayout>
                      <android.widget.ImageView index="2" package="com.tencent.wework" class="android.widget.ImageView" text="" resource-id="com.tencent.wework:id/m5h" checkable="false" checked="false" clickable="false" enabled="true" focusable="false" focused="false" long-clickable="false" password="false" scrollable="false" selected="false" bounds="[917,442][950,481]" displayed="true" />
                      <android.widget.ImageView index="3" package="com.tencent.wework" class="android.widget.ImageView" text="" resource-id="com.tencent.wework:id/m52" checkable="false" checked="false" clickable="false" enabled="true" focusable="false" focused="false" long-clickable="false" password="false" scrollable="false" selected="false" bounds="[978,445][997,478]" displayed="true" />
                    </android.widget.RelativeLayout>
                    <android.widget.RelativeLayout index="1" package="com.tencent.wework" class="android.widget.RelativeLayout" text="" resource-id="com.tencent.wework:id/dzy" checkable="false" checked="false" clickable="true" enabled="true" focusable="true" focused="false" long-clickable="false" password="false" scrollable="false" selected="false" bounds="[39,544][1041,709]" displayed="true">
                      <android.view.View index="0" package="com.tencent.wework" class="android.view.View" text="" checkable="false" checked="false" clickable="false" enabled="true" focusable="false" focused="false" long-clickable="false" password="false" scrollable="false" selected="false" bounds="[83,544][997,545]" displayed="true" />
                      <android.widget.ImageView index="1" package="com.tencent.wework" class="android.widget.ImageView" text="" resource-id="com.tencent.wework:id/m57" checkable="false" checked="false" clickable="false" enabled="true" focusable="false" focused="false" long-clickable="false" password="false" scrollable="false" selected="false" bounds="[83,593][149,659]" displayed="true" />
                      <android.widget.LinearLayout index="2" package="com.tencent.wework" class="android.widget.LinearLayout" text="" checkable="false" checked="false" clickable="false" enabled="true" focusable="false" focused="false" long-clickable="false" password="false" scrollable="false" selected="false" bounds="[204,593][997,660]" displayed="true">
                        <android.widget.TextView index="0" package="com.tencent.wework" class="android.widget.TextView" text="面对面邀请同事" resource-id="com.tencent.wework:id/ec_" checkable="false" checked="false" clickable="false" enabled="true" focusable="false" focused="false" long-clickable="false" password="false" scrollable="false" selected="false" bounds="[204,593][512,652]" displayed="true" />
                      </android.widget.LinearLayout>
                      <android.widget.ImageView index="3" package="com.tencent.wework" class="android.widget.ImageView" text="" checkable="false" checked="false" clickable="false" enabled="true" focusable="false" focused="false" long-clickable="false" password="false" scrollable="false" selected="false" bounds="[978,610][997,643]" displayed="true" />
                    </android.widget.RelativeLayout>
                  </android.widget.LinearLayout>
                  <android.widget.LinearLayout index="2" package="com.tencent.wework" class="android.widget.LinearLayout" text="" resource-id="com.tencent.wework:id/dzv" checkable="false" checked="false" clickable="false" enabled="true" focusable="false" focused="false" long-clickable="false" password="false" scrollable="false" selected="false" bounds="[39,753][1041,1248]" displayed="true">
                    <android.widget.RelativeLayout index="0" package="com.tencent.wework" class="android.widget.RelativeLayout" text="" resource-id="com.tencent.wework:id/e03" checkable="false" checked="false" clickable="true" enabled="true" focusable="true" focused="false" long-clickable="false" password="false" scrollable="false" selected="false" bounds="[39,753][1041,918]" displayed="true">
                      <android.widget.ImageView index="0" package="com.tencent.wework" class="android.widget.ImageView" text="" resource-id="com.tencent.wework:id/m5d" checkable="false" checked="false" clickable="false" enabled="true" focusable="false" focused="false" long-clickable="false" password="false" scrollable="false" selected="false" bounds="[83,802][149,868]" displayed="true" />
                      <android.widget.LinearLayout index="1" package="com.tencent.wework" class="android.widget.LinearLayout" text="" checkable="false" checked="false" clickable="false" enabled="true" focusable="false" focused="false" long-clickable="false" password="false" scrollable="false" selected="false" bounds="[204,804][978,866]" displayed="true">
                        <android.widget.TextView index="0" package="com.tencent.wework" class="android.widget.TextView" text="从微信群中添加" resource-id="com.tencent.wework:id/m5m" checkable="false" checked="false" clickable="false" enabled="true" focusable="false" focused="false" long-clickable="false" password="false" scrollable="false" selected="false" bounds="[204,807][512,866]" displayed="true" />
                      </android.widget.LinearLayout>
                      <android.widget.ImageView index="2" package="com.tencent.wework" class="android.widget.ImageView" text="" resource-id="com.tencent.wework:id/m54" checkable="false" checked="false" clickable="false" enabled="true" focusable="false" focused="false" long-clickable="false" password="false" scrollable="false" selected="false" bounds="[978,819][997,852]" displayed="true" />
                      <android.view.View index="3" package="com.tencent.wework" class="android.view.View" text="" checkable="false" checked="false" clickable="false" enabled="true" focusable="false" focused="false" long-clickable="false" password="false" scrollable="false" selected="false" bounds="[83,917][997,918]" displayed="true" />
                    </android.widget.RelativeLayout>
                    <android.widget.RelativeLayout index="1" package="com.tencent.wework" class="android.widget.RelativeLayout" text="" resource-id="com.tencent.wework:id/e01" checkable="false" checked="false" clickable="true" enabled="true" focusable="true" focused="false" long-clickable="false" password="false" scrollable="false" selected="false" bounds="[39,918][1041,1083]" displayed="true">
                      <android.widget.ImageView index="0" package="com.tencent.wework" class="android.widget.ImageView" text="" resource-id="com.tencent.wework:id/m5a" checkable="false" checked="false" clickable="false" enabled="true" focusable="false" focused="false" long-clickable="false" password="false" scrollable="false" selected="false" bounds="[83,967][149,1033]" displayed="true" />
                      <android.widget.LinearLayout index="1" package="com.tencent.wework" class="android.widget.LinearLayout" text="" checkable="false" checked="false" clickable="false" enabled="true" focusable="false" focused="false" long-clickable="false" password="false" scrollable="false" selected="false" bounds="[204,967][997,1034]" displayed="true">
                        <android.widget.TextView index="0" package="com.tencent.wework" class="android.widget.TextView" text="从微信/手机通讯录中添加" checkable="false" checked="false" clickable="false" enabled="true" focusable="false" focused="false" long-clickable="false" password="false" scrollable="false" selected="false" bounds="[204,967][706,1026]" displayed="true" />
                      </android.widget.LinearLayout>
                      <android.widget.ImageView index="2" package="com.tencent.wework" class="android.widget.ImageView" text="" checkable="false" checked="false" clickable="false" enabled="true" focusable="false" focused="false" long-clickable="false" password="false" scrollable="false" selected="false" bounds="[978,984][997,1017]" displayed="true" />
                      <android.view.View index="3" package="com.tencent.wework" class="android.view.View" text="" checkable="false" checked="false" clickable="false" enabled="true" focusable="false" focused="false" long-clickable="false" password="false" scrollable="false" selected="false" bounds="[83,1082][997,1083]" displayed="true" />
                    </android.widget.RelativeLayout>
                    <android.widget.RelativeLayout index="2" package="com.tencent.wework" class="android.widget.RelativeLayout" text="" resource-id="com.tencent.wework:id/e00" checkable="false" checked="false" clickable="true" enabled="true" focusable="true" focused="false" long-clickable="false" password="false" scrollable="false" selected="false" bounds="[39,1083][1041,1248]" displayed="true">
                      <android.widget.ImageView index="0" package="com.tencent.wework" class="android.widget.ImageView" text="" resource-id="com.tencent.wework:id/m5_" checkable="false" checked="false" clickable="false" enabled="true" focusable="false" focused="false" long-clickable="false" password="false" scrollable="false" selected="false" bounds="[83,1132][149,1198]" displayed="true" />
                      <android.widget.LinearLayout index="1" package="com.tencent.wework" class="android.widget.LinearLayout" text="" checkable="false" checked="false" clickable="false" enabled="true" focusable="false" focused="false" long-clickable="false" password="false" scrollable="false" selected="false" bounds="[204,1132][997,1199]" displayed="true">
                        <android.widget.TextView index="0" package="com.tencent.wework" class="android.widget.TextView" text="手动输入添加" checkable="false" checked="false" clickable="false" enabled="true" focusable="false" focused="false" long-clickable="false" password="false" scrollable="false" selected="false" bounds="[204,1132][468,1191]" displayed="true" />
                      </android.widget.LinearLayout>
                      <android.widget.ImageView index="2" package="com.tencent.wework" class="android.widget.ImageView" text="" checkable="false" checked="false" clickable="false" enabled="true" focusable="false" focused="false" long-clickable="false" password="false" scrollable="false" selected="false" bounds="[978,1149][997,1182]" displayed="true" />
                      <android.view.View index="3" package="com.tencent.wework" class="android.view.View" text="" checkable="false" checked="false" clickable="false" enabled="true" focusable="false" focused="false" long-clickable="false" password="false" scrollable="false" selected="false" bounds="[83,1247][997,1248]" displayed="true" />
                    </android.widget.RelativeLayout>
                  </android.widget.LinearLayout>
                  <android.widget.RelativeLayout index="3" package="com.tencent.wework" class="android.widget.RelativeLayout" text="" resource-id="com.tencent.wework:id/dzz" checkable="false" checked="false" clickable="true" enabled="true" focusable="true" focused="false" long-clickable="false" password="false" scrollable="false" selected="false" bounds="[39,1292][1041,1457]" displayed="true">
                    <android.widget.ImageView index="0" package="com.tencent.wework" class="android.widget.ImageView" text="" resource-id="com.tencent.wework:id/m59" checkable="false" checked="false" clickable="false" enabled="true" focusable="false" focused="false" long-clickable="false" password="false" scrollable="false" selected="false" bounds="[83,1341][149,1407]" displayed="true" />
                    <android.widget.LinearLayout index="1" package="com.tencent.wework" class="android.widget.LinearLayout" text="" checkable="false" checked="false" clickable="false" enabled="true" focusable="false" focused="false" long-clickable="false" password="false" scrollable="false" selected="false" bounds="[204,1341][997,1408]" displayed="true">
                      <android.widget.TextView index="0" package="com.tencent.wework" class="android.widget.TextView" text="上传已有成员名单" checkable="false" checked="false" clickable="false" enabled="true" focusable="false" focused="false" long-clickable="false" password="false" scrollable="false" selected="false" bounds="[204,1341][556,1400]" displayed="true" />
                    </android.widget.LinearLayout>
                    <android.widget.ImageView index="2" package="com.tencent.wework" class="android.widget.ImageView" text="" checkable="false" checked="false" clickable="false" enabled="true" focusable="false" focused="false" long-clickable="false" password="false" scrollable="false" selected="false" bounds="[978,1358][997,1391]" displayed="true" />
                  </android.widget.RelativeLayout>
                </android.widget.LinearLayout>
              </android.widget.FrameLayout>
            </android.widget.RelativeLayout>
          </android.widget.FrameLayout>
        </android.widget.LinearLayout>
      </android.widget.FrameLayout>
    </android.widget.LinearLayout>
  </android.widget.FrameLayout>
  <android.widget.Toast index="1" package="com.android.settings" class="android.widget.Toast" text="添加成功" displayed="true" />
</hierarchy>
2023-05-28 09:16:57 INFO  [main] top.testeru.page.AppBasePage.find(AppBasePage.java:105) -- 元素定位：By.xpath: //*[@class="android.widget.Toast"]
2023-05-28 09:16:57 INFO  [main] top.testeru.page.AppBasePage.back(AppBasePage.java:147) -- 滑动返回
2023-05-28 09:16:58 INFO  [main] top.testeru.page.AppBasePage.upAndDown(AppBasePage.java:156) -- 上下滑动
2023-05-28 09:16:58 INFO  [main] top.testeru.page.AppBasePage.upAndDown(AppBasePage.java:163) -- 从(540, 1820)滑动到(540, 455)
2023-05-28 09:17:01 INFO  [main] top.testeru.page.AppBasePage.find(AppBasePage.java:105) -- 元素定位：AppiumBy.androidUIAutomator: new UiSelector().text("搜索")
2023-05-28 09:17:01 INFO  [main] top.testeru.page.AppBasePage.ElementScreenBase(AppBasePage.java:211) -- location=$(138, 110) size=$(942, 71) x=$138 y=$110 width=$942 height=$71
2023-05-28 09:17:04 INFO  [main] top.testeru.page.AppBasePage.find(AppBasePage.java:105) -- 元素定位：By.xpath: //*[@text="联系人"]/../following-sibling::*//*[@class="android.widget.TextView"]
2023-05-28 09:17:05 INFO  [main] top.testeru.page.AppBasePage.ElementScreenBase(AppBasePage.java:211) -- location=$(204, 345) size=$(132, 59) x=$204 y=$345 width=$132 height=$59
2023-05-28 09:17:06 INFO  [main] top.testeru.page.AppBasePage.find(AppBasePage.java:105) -- 元素定位：By.xpath: //*[@class="android.widget.ImageView"]/following-sibling::*//*[@class="android.widget.TextView"]
2023-05-28 09:17:06 INFO  [main] top.testeru.page.AppBasePage.ElementScreenBase(AppBasePage.java:211) -- location=$(267, 334) size=$(194, 64) x=$267 y=$334 width=$194 height=$64
2023-05-28 09:17:07 INFO  [main] top.testeru.page.AppBasePage.find(AppBasePage.java:105) -- 元素定位：By.xpath: //*[@text="手机"]/following-sibling::*//*[@class="android.widget.TextView"]
2023-05-28 09:17:07 INFO  [main] top.testeru.page.AppBasePage.ElementScreenBase(AppBasePage.java:211) -- location=$(292, 850) size=$(352, 59) x=$292 y=$850 width=$352 height=$59
2023-05-28 09:17:07 INFO  [main] top.testeru.page.AppBasePage.getMember(ProfilePage.java:23) -- User:AddMember{name='高越泽', phone='13670362061', toast='添加成功'}
2023-05-28 09:17:07 INFO  [main] top.testeru.page.AppBasePage.back(AppBasePage.java:147) -- 滑动返回
2023-05-28 09:17:09 INFO  [main] top.testeru.page.AppBasePage.find(AppBasePage.java:105) -- 元素定位：AppiumBy.className: android.widget.ImageView
2023-05-28 09:17:09 INFO  [main] top.testeru.page.AppBasePage.ElementScreenBase(AppBasePage.java:211) -- location=$(948, 80) size=$(132, 132) x=$948 y=$80 width=$132 height=$132
2023-05-28 09:17:10 INFO  [main] top.testeru.page.AppBasePage.back(AppBasePage.java:147) -- 滑动返回
2023-05-28 09:17:11 INFO  [main] top.testeru.page.AppBasePage.upAndDown(AppBasePage.java:156) -- 上下滑动
2023-05-28 09:17:11 INFO  [main] top.testeru.page.AppBasePage.upAndDown(AppBasePage.java:163) -- 从(540, 1820)滑动到(540, 455)
2023-05-28 09:17:20 INFO  [main] top.testeru.page.AppBasePage.find(AppBasePage.java:105) -- 元素定位：By.xpath: //*[@text="工作台"]
2023-05-28 09:17:21 INFO  [main] top.testeru.page.AppBasePage.ElementScreenBase(AppBasePage.java:211) -- location=$(648, 2225) size=$(216, 51) x=$648 y=$2225 width=$216 height=$51
2023-05-28 09:17:43 INFO  [main] top.testeru.page.AppBasePage.upAndDown(AppBasePage.java:156) -- 上下滑动
2023-05-28 09:17:43 INFO  [main] top.testeru.page.AppBasePage.upAndDown(AppBasePage.java:163) -- 从(540, 1593)滑动到(540, 682)
2023-05-28 09:18:04 INFO  [main] top.testeru.page.AppBasePage.upAndDown(AppBasePage.java:156) -- 上下滑动
2023-05-28 09:18:04 INFO  [main] top.testeru.page.AppBasePage.upAndDown(AppBasePage.java:163) -- 从(540, 1593)滑动到(540, 682)
2023-05-28 09:18:06 INFO  [main] top.testeru.page.AppBasePage.find(AppBasePage.java:105) -- 元素定位：By.cssSelector: [text="打卡"]
2023-05-28 09:18:06 INFO  [main] top.testeru.page.AppBasePage.ElementScreenBase(AppBasePage.java:211) -- location=$(112, 1338) size=$(78, 52) x=$112 y=$1338 width=$78 height=$52
2023-05-28 09:18:06 INFO  [main] top.testeru.page.AppBasePage.find(AppBasePage.java:105) -- 元素定位：By.xpath: //*[@text="打卡"]
2023-05-28 09:18:07 INFO  [main] top.testeru.page.AppBasePage.ElementScreenBase(AppBasePage.java:211) -- location=$(112, 1338) size=$(78, 52) x=$112 y=$1338 width=$78 height=$52
2023-05-28 09:18:16 INFO  [main] top.testeru.page.AppBasePage.find(AppBasePage.java:105) -- 元素定位：By.xpath: //android.view.View/following-sibling::*//*[@class="android.widget.TextView"]
2023-05-28 09:18:16 INFO  [main] top.testeru.page.AppBasePage.ElementScreenBase(AppBasePage.java:211) -- location=$(402, 813) size=$(275, 82) x=$402 y=$813 width=$275 height=$82
2023-05-28 09:18:17 INFO  [main] top.testeru.util.AppiumServer.killPort(AppiumServer.java:41) -- 当前操作系统：Mac OS X
2023-05-28 09:18:17 INFO  [main] top.testeru.util.ProcessKiller.getProcessId(ProcessKiller.java:22) -- line: COMMAND   PID   USER   FD   TYPE             DEVICE SIZE/OFF NODE NAME
2023-05-28 09:18:17 INFO  [main] top.testeru.util.ProcessKiller.getProcessId(ProcessKiller.java:22) -- line: java    58124 gaigai  184u  IPv6 0x27257a820ad8d5cb      0t0  TCP 192.168.18.6:61015->192.168.18.6:4723 (ESTABLISHED)
2023-05-28 09:18:17 INFO  [main] top.testeru.util.ProcessKiller.getProcessId(ProcessKiller.java:22) -- line: node    58131 gaigai   22u  IPv4 0x27257a8baf90f213      0t0  TCP *:4723 (LISTEN)
2023-05-28 09:18:17 INFO  [main] top.testeru.util.ProcessKiller.getProcessId(ProcessKiller.java:27) -- parts[1]: 58131
2023-05-28 09:18:17 INFO  [main] top.testeru.util.ProcessKiller.killProcess(ProcessKiller.java:46) -- killProcess:kill -9 58131
2023-05-28 09:18:17 INFO  [main] top.testeru.util.ProcessKiller.killProcess(ProcessKiller.java:51) -- Process with PID 58131 has been killed.
